<?xml version="1.0" encoding="UTF-8"?>
<!-- Generated by org.testng.reporters.JUnitReportReporter -->
<testsuite hostname="Entertainment" name="com.sheth.test.NewCustomerPageTest" tests="1" failures="0" timestamp="6 Apr 2017 04:16:20 GMT" time="4.343" errors="0">
  <testcase name="testNewCustomer" time="4.343" classname="com.sheth.test.NewCustomerPageTest"/>
</testsuite> <!-- com.sheth.test.NewCustomerPageTest -->
