<?xml version="1.0" encoding="UTF-8"?>
<!-- Generated by org.testng.reporters.JUnitReportReporter -->
<testsuite hostname="Entertainment" name="com.sheth.test.LoginPageTest" tests="4" failures="0" timestamp="6 Apr 2017 04:16:19 GMT" time="7.558" errors="0">
  <testcase name="testSignIn" time="0.656" classname="com.sheth.test.LoginPageTest"/>
  <testcase name="testSignIn" time="1.547" classname="com.sheth.test.LoginPageTest"/>
  <testcase name="testSignIn" time="4.913" classname="com.sheth.test.LoginPageTest"/>
  <testcase name="testSignIn" time="0.442" classname="com.sheth.test.LoginPageTest"/>
</testsuite> <!-- com.sheth.test.LoginPageTest -->
